<?xml version="1.0" encoding="UTF-8"?>
<testng-results ignored="0" total="1" passed="1" failed="0" skipped="0">
  <reporter-output>
  </reporter-output>
  <suite started-at="2023-09-28T11:47:44 IST" name="Default Suite" finished-at="2023-09-28T11:47:53 IST" duration-ms="8656">
    <groups>
    </groups>
    <test started-at="2023-09-28T11:47:44 IST" name="LearnTestNG" finished-at="2023-09-28T11:47:53 IST" duration-ms="8656">
      <class name="Grid.LogInTestUsingChrome">
        <test-method is-config="true" signature="setup()[pri:0, instance:Grid.LogInTestUsingChrome@13c10b87]" started-at="2023-09-28T11:47:44 IST" name="setup" finished-at="2023-09-28T11:47:47 IST" duration-ms="3223" status="PASS">
          <reporter-output>
          </reporter-output>
        </test-method> <!-- setup -->
        <test-method signature="test()[pri:0, instance:Grid.LogInTestUsingChrome@13c10b87]" started-at="2023-09-28T11:47:47 IST" name="test" finished-at="2023-09-28T11:47:50 IST" duration-ms="2282" status="PASS">
          <reporter-output>
          </reporter-output>
        </test-method> <!-- test -->
        <test-method is-config="true" signature="teardown()[pri:0, instance:Grid.LogInTestUsingChrome@13c10b87]" started-at="2023-09-28T11:47:50 IST" name="teardown" finished-at="2023-09-28T11:47:53 IST" duration-ms="3119" status="PASS">
          <reporter-output>
          </reporter-output>
        </test-method> <!-- teardown -->
      </class> <!-- Grid.LogInTestUsingChrome -->
    </test> <!-- LearnTestNG -->
  </suite> <!-- Default Suite -->
</testng-results>
